<?xml version="1.0" encoding="UTF-8"?>
<testsuite name="com.geektrust.backend.services.MetroCardServiceImplTest" tests="4" skipped="0" failures="0" errors="0" timestamp="2024-06-11T10:57:26" hostname="Akshyas-MacBook-Air.local" time="0.042">
  <properties/>
  <testcase name="rechargeShouldRechargeMetroCardGivenTravelCharge()" classname="com.geektrust.backend.services.MetroCardServiceImplTest" time="0.027"/>
  <testcase name="shouldReturnNewMetroCardIfNotPresent()" classname="com.geektrust.backend.services.MetroCardServiceImplTest" time="0.009"/>
  <testcase name="shouldReturnExistingMetroCardIfAlreadyPresent()" classname="com.geektrust.backend.services.MetroCardServiceImplTest" time="0.001"/>
  <testcase name="makePaymentShouldMakePaymentGivenTravelCharge()" classname="com.geektrust.backend.services.MetroCardServiceImplTest" time="0.002"/>
  <system-out><![CDATA[]]></system-out>
  <system-err><![CDATA[]]></system-err>
</testsuite>
