<?xml version="1.0" encoding="UTF-8"?>
<testsuite name="com.geektrust.backend.commands.CommandInvokerTest" tests="2" skipped="0" failures="0" errors="0" timestamp="2024-06-11T10:57:25" hostname="Akshyas-MacBook-Air.local" time="0.821">
  <properties/>
  <testcase name="executeCommandShouldThrowExceptionGivenIncorrectNameAndTokens()" classname="com.geektrust.backend.commands.CommandInvokerTest" time="0.788"/>
  <testcase name="executeCommandShouldExecuteCommandGivenNameAndTokens()" classname="com.geektrust.backend.commands.CommandInvokerTest" time="0.03"/>
  <system-out><![CDATA[]]></system-out>
  <system-err><![CDATA[]]></system-err>
</testsuite>
