<?xml version="1.0" encoding="UTF-8"?>
<testsuite name="com.geektrust.backend.models.PassengerTest" tests="4" skipped="0" failures="0" errors="0" timestamp="2024-06-11T10:57:25" hostname="Akshyas-MacBook-Air.local" time="0.002">
  <properties/>
  <testcase name="setBoardingStationShouldSetBoardingStation()" classname="com.geektrust.backend.models.PassengerTest" time="0.0"/>
  <testcase name="updateJourneyTypeCodeShouldUpdateToZeroForThirdCall()" classname="com.geektrust.backend.models.PassengerTest" time="0.0"/>
  <testcase name="updateJourneyTypeCodeShouldUpdateToZeroForFirstCall()" classname="com.geektrust.backend.models.PassengerTest" time="0.0"/>
  <testcase name="updateJourneyTypeCodeShouldUpdateToOneForSecondCall()" classname="com.geektrust.backend.models.PassengerTest" time="0.0"/>
  <system-out><![CDATA[]]></system-out>
  <system-err><![CDATA[]]></system-err>
</testsuite>
