<?xml version="1.0" encoding="UTF-8"?>
<testsuite name="com.geektrust.backend.models.PassengerTest" tests="4" skipped="0" failures="0" errors="0" timestamp="2024-06-11T12:22:28" hostname="Akshyas-MacBook-Air.local" time="0.003">
  <properties/>
  <testcase name="setBoardingStationShouldSetBoardingStation()" classname="com.geektrust.backend.models.PassengerTest" time="0.0"/>
  <testcase name="updateJourneyTypeCodeShouldUpdateToZeroForThirdCall()" classname="com.geektrust.backend.models.PassengerTest" time="0.001"/>
  <testcase name="updateJourneyTypeCodeShouldUpdateToZeroForFirstCall()" classname="com.geektrust.backend.models.PassengerTest" time="0.0"/>
  <testcase name="updateJourneyTypeCodeShouldUpdateToOneForSecondCall()" classname="com.geektrust.backend.models.PassengerTest" time="0.001"/>
  <system-out><![CDATA[]]></system-out>
  <system-err><![CDATA[]]></system-err>
</testsuite>
