<?xml version="1.0" encoding="UTF-8"?>
<testsuite name="com.geektrust.backend.commands.CheckInCommandTest" tests="3" skipped="0" failures="0" errors="0" timestamp="2024-06-11T12:22:29" hostname="Akshyas-MacBook-Air.local" time="0.057">
  <properties/>
  <testcase name="executeShouldPrintErrorMessageIfMetroCardNotFound()" classname="com.geektrust.backend.commands.CheckInCommandTest" time="0.043"/>
  <testcase name="executeShouldCreatePassengerAndStationAndDeductAmountFromMetroCard()" classname="com.geektrust.backend.commands.CheckInCommandTest" time="0.004"/>
  <testcase name="executeShouldPrintErrorMessageIfStationNotFound()" classname="com.geektrust.backend.commands.CheckInCommandTest" time="0.007"/>
  <system-out><![CDATA[]]></system-out>
  <system-err><![CDATA[]]></system-err>
</testsuite>
