<?xml version="1.0" encoding="UTF-8"?>
<testsuite name="com.geektrust.backend.models.StationTest" tests="5" skipped="0" failures="0" errors="0" timestamp="2024-06-11T12:21:16" hostname="Akshyas-MacBook-Air.local" time="0.003">
  <properties/>
  <testcase name="getTotalCollectionShouldReturnTotalCollection()" classname="com.geektrust.backend.models.StationTest" time="0.0"/>
  <testcase name="addTravelChargeShouldAddTravelChargeToTravelChargeCollection()" classname="com.geektrust.backend.models.StationTest" time="0.0"/>
  <testcase name="addDiscountShouldAddDiscountToDiscountCollection()" classname="com.geektrust.backend.models.StationTest" time="0.0"/>
  <testcase name="addServiceFeeShouldAddServiceFeeToServiceFeeCollection()" classname="com.geektrust.backend.models.StationTest" time="0.0"/>
  <testcase name="addPassengerShouldAddPassenger()" classname="com.geektrust.backend.models.StationTest" time="0.001"/>
  <system-out><![CDATA[]]></system-out>
  <system-err><![CDATA[]]></system-err>
</testsuite>
