<?xml version="1.0" encoding="UTF-8"?>
<testsuite name="com.geektrust.backend.commands.BalanceCommandTest" tests="1" skipped="0" failures="0" errors="0" timestamp="2024-06-11T12:21:17" hostname="Akshyas-MacBook-Air.local" time="0.06">
  <properties/>
  <testcase name="executeShouldCreateMetroCardGivenCardNumberAndBalance()" classname="com.geektrust.backend.commands.BalanceCommandTest" time="0.06"/>
  <system-out><![CDATA[]]></system-out>
  <system-err><![CDATA[]]></system-err>
</testsuite>
