<?xml version="1.0" encoding="UTF-8"?>
<testsuite name="com.geektrust.backend.AppTest" tests="1" skipped="0" failures="0" errors="0" timestamp="2024-06-11T12:21:16" hostname="Akshyas-MacBook-Air.local" time="0.088">
  <properties/>
  <testcase name="applicationTest()" classname="com.geektrust.backend.AppTest" time="0.088"/>
  <system-out><![CDATA[]]></system-out>
  <system-err><![CDATA[]]></system-err>
</testsuite>
