<?xml version="1.0" encoding="UTF-8"?>
<testsuite name="com.geektrust.backend.commands.PrintSummaryCommandTest" tests="1" skipped="0" failures="0" errors="0" timestamp="2024-06-11T12:22:29" hostname="Akshyas-MacBook-Air.local" time="0.058">
  <properties/>
  <testcase name="executeShouldPrintCollectionAndPassengerSummary()" classname="com.geektrust.backend.commands.PrintSummaryCommandTest" time="0.058"/>
  <system-out><![CDATA[]]></system-out>
  <system-err><![CDATA[]]></system-err>
</testsuite>
