<?xml version="1.0" encoding="UTF-8"?>
<testsuite name="com.geektrust.backend.services.PassengerServiceImplTest" tests="5" skipped="0" failures="0" errors="0" timestamp="2024-06-11T10:57:26" hostname="Akshyas-MacBook-Air.local" time="0.176">
  <properties/>
  <testcase name="shouldReturnExistingPassengerIfAlreadyPresent()" classname="com.geektrust.backend.services.PassengerServiceImplTest" time="0.129"/>
  <testcase name="shouldReturnNewPassengerIfNotPresent()" classname="com.geektrust.backend.services.PassengerServiceImplTest" time="0.009"/>
  <testcase name="shouldThrowMetroCardNotFoundException()" classname="com.geektrust.backend.services.PassengerServiceImplTest" time="0.01"/>
  <testcase name="travelRechargeMetroCardAndMakePaymentIfNoSufficientBalance()" classname="com.geektrust.backend.services.PassengerServiceImplTest" time="0.007"/>
  <testcase name="travelMakePaymentIfSufficientBalance()" classname="com.geektrust.backend.services.PassengerServiceImplTest" time="0.005"/>
  <system-out><![CDATA[]]></system-out>
  <system-err><![CDATA[]]></system-err>
</testsuite>
