<?xml version="1.0" encoding="UTF-8"?>
<testsuite name="com.geektrust.backend.repositories.PassengerRepositoryImplTest" tests="3" skipped="0" failures="0" errors="0" timestamp="2024-06-11T10:57:25" hostname="Akshyas-MacBook-Air.local" time="0.004">
  <properties/>
  <testcase name="savePassengerShouldSavePassenger()" classname="com.geektrust.backend.repositories.PassengerRepositoryImplTest" time="0.001"/>
  <testcase name="findByMetroCardShouldReturnPassengerGivenMetroCard()" classname="com.geektrust.backend.repositories.PassengerRepositoryImplTest" time="0.001"/>
  <testcase name="findByMetroCardShouldReturnEmptyIfMetroCardNotFound()" classname="com.geektrust.backend.repositories.PassengerRepositoryImplTest" time="0.001"/>
  <system-out><![CDATA[]]></system-out>
  <system-err><![CDATA[]]></system-err>
</testsuite>
